
################################################################################
#
# This file has been generated by SpyGlass:
#     Report Name      : moresimple
#     Report Created by: trliu20
#     Report Created on:  Wed May  4 01:56:00 2022
#     Working Directory: /users/student/mr109/trliu20/VLSI/midterm
#     SpyGlass Version : SpyGlass_vR-2020.12
#     Policy Name      : SpyGlass(SpyGlass_vR-2020.12)
#                        clock-reset(SpyGlass_vR-2020.12)
#                        erc(SpyGlass_vR-2020.12)
#                        latch(SpyGlass_vR-2020.12)
#                        lint(SpyGlass_vR-2020.12)
#                        morelint(SpyGlass_vR-2020.12)
#                        openmore(SpyGlass_vR-2020.12)
#                        power_est(SpyGlass_vR-2020.12)
#                        simulation(SpyGlass_vR-2020.12)
#                        starc(SpyGlass_vR-2020.12)
#                        starc2005(SpyGlass_vR-2020.12)
#                        txv(SpyGlass_vR-2020.12)
#
#     Total Number of Generated Messages :         17
#     Number of Waived Messages          :          0
#     Number of Reported Messages        :         17
#     Number of Overlimit Messages       :          0
#
#
################################################################################

+++++++++++++++++++++++++++++++++++++++++++++++++++++++++++++++++++++++
MORESIMPLE REPORT:


############### BuiltIn -> RuleGroup=Blackbox Resolution ###############
+++++++++++++++++++++++++++++++++++++++++++++++++++++++++++++++++++++++++++++++++++++++
ID       Rule                Alias               Severity    File                                Line    Wt    Message
======================================================================================
[1F]     ErrorAnalyzeBBox    ErrorAnalyzeBBox    Error       hardware/SRAM_weight_16384x32b.v    169     10    Design Unit 'BRAM_2048x8' has no definition; black-box behavior assumed and module interface inferred
+++++++++++++++++++++++++++++++++++++++++++++++++++++++++++++++++++++++++++++++++++++++


############### BuiltIn -> RuleGroup=Design Read ###############
+++++++++++++++++++++++++++++++++++++++++++++++++++++++++++++++++++++++++++++++++++++++
ID       Rule                    Alias                   Severity    File                                                                     Line    Wt      Message
======================================================================================
[C]      DetectTopDesignUnits    DetectTopDesignUnits    Info        hardware/lenet_rtl_basic_dma64.v                                         35      2       Module lenet_rtl_basic_dma64 is a top level design unit
[0]      WRN_38                  WRN_38                  Warning     hardware/lenet_rtl_basic_dma64.v                                         56      1000    Output connection ( dma_read_ctrl_valid ) in instantiation should not be reg type as simulators do not support this. The IEEE 1364-1995/2001/2005 Verilog standards do not support it either
[1]      WRN_38                  WRN_38                  Warning     hardware/lenet_rtl_basic_dma64.v                                         57      1000    Output connection ( dma_read_ctrl_data_index ) in instantiation should not be reg type as simulators do not support this. The IEEE 1364-1995/2001/2005 Verilog standards do not support it either
[2]      WRN_38                  WRN_38                  Warning     hardware/lenet_rtl_basic_dma64.v                                         58      1000    Output connection ( dma_read_ctrl_data_length ) in instantiation should not be reg type as simulators do not support this. The IEEE 1364-1995/2001/2005 Verilog standards do not support it either
[3]      WRN_38                  WRN_38                  Warning     hardware/lenet_rtl_basic_dma64.v                                         59      1000    Output connection ( dma_read_ctrl_data_size ) in instantiation should not be reg type as simulators do not support this. The IEEE 1364-1995/2001/2005 Verilog standards do not support it either
[4]      WRN_38                  WRN_38                  Warning     hardware/lenet_rtl_basic_dma64.v                                         61      1000    Output connection ( dma_read_chnl_ready ) in instantiation should not be reg type as simulators do not support this. The IEEE 1364-1995/2001/2005 Verilog standards do not support it either
[5]      WRN_38                  WRN_38                  Warning     hardware/lenet_rtl_basic_dma64.v                                         66      1000    Output connection ( dma_write_ctrl_valid ) in instantiation should not be reg type as simulators do not support this. The IEEE 1364-1995/2001/2005 Verilog standards do not support it either
[6]      WRN_38                  WRN_38                  Warning     hardware/lenet_rtl_basic_dma64.v                                         67      1000    Output connection ( dma_write_ctrl_data_index ) in instantiation should not be reg type as simulators do not support this. The IEEE 1364-1995/2001/2005 Verilog standards do not support it either
[7]      WRN_38                  WRN_38                  Warning     hardware/lenet_rtl_basic_dma64.v                                         68      1000    Output connection ( dma_write_ctrl_data_length ) in instantiation should not be reg type as simulators do not support this. The IEEE 1364-1995/2001/2005 Verilog standards do not support it either
[8]      WRN_38                  WRN_38                  Warning     hardware/lenet_rtl_basic_dma64.v                                         69      1000    Output connection ( dma_write_ctrl_data_size ) in instantiation should not be reg type as simulators do not support this. The IEEE 1364-1995/2001/2005 Verilog standards do not support it either
[9]      WRN_38                  WRN_38                  Warning     hardware/lenet_rtl_basic_dma64.v                                         72      1000    Output connection ( dma_write_chnl_valid ) in instantiation should not be reg type as simulators do not support this. The IEEE 1364-1995/2001/2005 Verilog standards do not support it either
[A]      WRN_38                  WRN_38                  Warning     hardware/lenet_rtl_basic_dma64.v                                         73      1000    Output connection ( dma_write_chnl_data ) in instantiation should not be reg type as simulators do not support this. The IEEE 1364-1995/2001/2005 Verilog standards do not support it either
[B]      ElabSummary             ElabSummary             Info        ./spyglass-1/lint/lint_rtl/spyglass_reports/SpyGlass/elab_summary.rpt    0       2       Please refer file './spyglass-1/lint/lint_rtl/spyglass_reports/SpyGlass/elab_summary.rpt' for elab summary report
[10]     InferBlackBox           inferblackbox           Info        N.A.                                                                     0       10      Interfaces for blackbox modules have been inferred. Please refer to AnalyzeBBox violations for more details
+++++++++++++++++++++++++++++++++++++++++++++++++++++++++++++++++++++++++++++++++++++++


############### Non-BuiltIn -> Goal=lint/lint_rtl ###############
+++++++++++++++++++++++++++++++++++++++++++++++++++++++++++++++++++++++++++++++++++++++
ID       Rule    Alias    Severity    File                                                                      Line    Wt    Message
======================================================================================
[F]      W240             Warning     hardware/lenet_rtl_basic_dma64.v                                          648     10    Input 'scale_FC2[31:0]' declared but not read.[Hierarchy: ':lenet_rtl_basic_dma64:lenet_inst@lenet']
[E]      W240             Info        ./spyglass-1/lint/lint_rtl/spyglass_reports/lint/SignalUsageReport.rpt    0       10    Please refer to 'SignalUsageReport.rpt' for details of violating bits
+++++++++++++++++++++++++++++++++++++++++++++++++++++++++++++++++++++++++++++++++++++++

################################################################################
#
# This file has been generated by SpyGlass:
#     Report Name      : moresimple
#     Report Created by: trliu20
#     Report Created on:  Wed May  4 01:56:12 2022
#     Working Directory: /users/student/mr109/trliu20/VLSI/midterm
#     SpyGlass Version : SpyGlass_vR-2020.12
#     Policy Name      : SpyGlass(SpyGlass_vR-2020.12)
#                        auto-verify(SpyGlass_vR-2020.12)
#                        erc(SpyGlass_vR-2020.12)
#                        latch(SpyGlass_vR-2020.12)
#                        lint(SpyGlass_vR-2020.12)
#                        morelint(SpyGlass_vR-2020.12)
#                        openmore(SpyGlass_vR-2020.12)
#                        simulation(SpyGlass_vR-2020.12)
#                        starc(SpyGlass_vR-2020.12)
#                        starc2005(SpyGlass_vR-2020.12)
#
#     Total Number of Generated Messages :         18
#     Number of Waived Messages          :          0
#     Number of Reported Messages        :         18
#     Number of Overlimit Messages       :          0
#
#
################################################################################

+++++++++++++++++++++++++++++++++++++++++++++++++++++++++++++++++++++++
MORESIMPLE REPORT:


############### BuiltIn -> RuleGroup=Blackbox Resolution ###############
+++++++++++++++++++++++++++++++++++++++++++++++++++++++++++++++++++++++++++++++++++++++
ID       Rule                Alias               Severity    File                                Line    Wt    Message
======================================================================================
[20]     ErrorAnalyzeBBox    ErrorAnalyzeBBox    Error       hardware/SRAM_weight_16384x32b.v    169     10    Design Unit 'BRAM_2048x8' has no definition; black-box behavior assumed and module interface inferred
+++++++++++++++++++++++++++++++++++++++++++++++++++++++++++++++++++++++++++++++++++++++


############### BuiltIn -> RuleGroup=Command-line read ###############
+++++++++++++++++++++++++++++++++++++++++++++++++++++++++++++++++++++++++++++++++++++++
ID       Rule                     Alias          Severity    File    Line    Wt    Message
======================================================================================
[0]      checkCMD_unset_option    UnsetOption    Warning     N.A.    0       10    Option/Parameter 'enable_save_restore': Feature 'save-restore' is not supported with option 'policy=auto-verify'.Disabling all 'save-restore' related options
+++++++++++++++++++++++++++++++++++++++++++++++++++++++++++++++++++++++++++++++++++++++


############### BuiltIn -> RuleGroup=Design Read ###############
+++++++++++++++++++++++++++++++++++++++++++++++++++++++++++++++++++++++++++++++++++++++
ID       Rule                    Alias                   Severity    File                                                                           Line    Wt      Message
======================================================================================
[D]      DetectTopDesignUnits    DetectTopDesignUnits    Info        hardware/lenet_rtl_basic_dma64.v                                               35      2       Module lenet_rtl_basic_dma64 is a top level design unit
[1]      WRN_38                  WRN_38                  Warning     hardware/lenet_rtl_basic_dma64.v                                               56      1000    Output connection ( dma_read_ctrl_valid ) in instantiation should not be reg type as simulators do not support this. The IEEE 1364-1995/2001/2005 Verilog standards do not support it either
[2]      WRN_38                  WRN_38                  Warning     hardware/lenet_rtl_basic_dma64.v                                               57      1000    Output connection ( dma_read_ctrl_data_index ) in instantiation should not be reg type as simulators do not support this. The IEEE 1364-1995/2001/2005 Verilog standards do not support it either
[3]      WRN_38                  WRN_38                  Warning     hardware/lenet_rtl_basic_dma64.v                                               58      1000    Output connection ( dma_read_ctrl_data_length ) in instantiation should not be reg type as simulators do not support this. The IEEE 1364-1995/2001/2005 Verilog standards do not support it either
[4]      WRN_38                  WRN_38                  Warning     hardware/lenet_rtl_basic_dma64.v                                               59      1000    Output connection ( dma_read_ctrl_data_size ) in instantiation should not be reg type as simulators do not support this. The IEEE 1364-1995/2001/2005 Verilog standards do not support it either
[5]      WRN_38                  WRN_38                  Warning     hardware/lenet_rtl_basic_dma64.v                                               61      1000    Output connection ( dma_read_chnl_ready ) in instantiation should not be reg type as simulators do not support this. The IEEE 1364-1995/2001/2005 Verilog standards do not support it either
[6]      WRN_38                  WRN_38                  Warning     hardware/lenet_rtl_basic_dma64.v                                               66      1000    Output connection ( dma_write_ctrl_valid ) in instantiation should not be reg type as simulators do not support this. The IEEE 1364-1995/2001/2005 Verilog standards do not support it either
[7]      WRN_38                  WRN_38                  Warning     hardware/lenet_rtl_basic_dma64.v                                               67      1000    Output connection ( dma_write_ctrl_data_index ) in instantiation should not be reg type as simulators do not support this. The IEEE 1364-1995/2001/2005 Verilog standards do not support it either
[8]      WRN_38                  WRN_38                  Warning     hardware/lenet_rtl_basic_dma64.v                                               68      1000    Output connection ( dma_write_ctrl_data_length ) in instantiation should not be reg type as simulators do not support this. The IEEE 1364-1995/2001/2005 Verilog standards do not support it either
[9]      WRN_38                  WRN_38                  Warning     hardware/lenet_rtl_basic_dma64.v                                               69      1000    Output connection ( dma_write_ctrl_data_size ) in instantiation should not be reg type as simulators do not support this. The IEEE 1364-1995/2001/2005 Verilog standards do not support it either
[A]      WRN_38                  WRN_38                  Warning     hardware/lenet_rtl_basic_dma64.v                                               72      1000    Output connection ( dma_write_chnl_valid ) in instantiation should not be reg type as simulators do not support this. The IEEE 1364-1995/2001/2005 Verilog standards do not support it either
[B]      WRN_38                  WRN_38                  Warning     hardware/lenet_rtl_basic_dma64.v                                               73      1000    Output connection ( dma_write_chnl_data ) in instantiation should not be reg type as simulators do not support this. The IEEE 1364-1995/2001/2005 Verilog standards do not support it either
[C]      ElabSummary             ElabSummary             Info        ./spyglass-1/lint/lint_turbo_rtl/spyglass_reports/SpyGlass/elab_summary.rpt    0       2       Please refer file './spyglass-1/lint/lint_turbo_rtl/spyglass_reports/SpyGlass/elab_summary.rpt' for elab summary report
[11]     InferBlackBox           inferblackbox           Info        N.A.                                                                           0       10      Interfaces for blackbox modules have been inferred. Please refer to AnalyzeBBox violations for more details
+++++++++++++++++++++++++++++++++++++++++++++++++++++++++++++++++++++++++++++++++++++++


############### Non-BuiltIn -> Goal=lint/lint_turbo_rtl ###############
+++++++++++++++++++++++++++++++++++++++++++++++++++++++++++++++++++++++++++++++++++++++
ID       Rule    Alias    Severity    File                                                                            Line    Wt    Message
======================================================================================
[10]     W240             Warning     hardware/lenet_rtl_basic_dma64.v                                                648     10    Input 'scale_FC2[31:0]' declared but not read.[Hierarchy: ':lenet_rtl_basic_dma64:lenet_inst@lenet']
[F]      W240             Info        ./spyglass-1/lint/lint_turbo_rtl/spyglass_reports/lint/SignalUsageReport.rpt    0       10    Please refer to 'SignalUsageReport.rpt' for details of violating bits
+++++++++++++++++++++++++++++++++++++++++++++++++++++++++++++++++++++++++++++++++++++++

################################################################################
#
# This file has been generated by SpyGlass:
#     Report Name      : moresimple
#     Report Created by: trliu20
#     Report Created on:  Wed May  4 01:56:18 2022
#     Working Directory: /users/student/mr109/trliu20/VLSI/midterm
#     SpyGlass Version : SpyGlass_vR-2020.12
#     Policy Name      : SpyGlass(SpyGlass_vR-2020.12)
#                        auto-verify(SpyGlass_vR-2020.12)
#
#     Total Number of Generated Messages :          2
#     Number of Waived Messages          :          0
#     Number of Reported Messages        :          2
#     Number of Overlimit Messages       :          0
#
#
################################################################################

+++++++++++++++++++++++++++++++++++++++++++++++++++++++++++++++++++++++
MORESIMPLE REPORT:
############### FATAL MESSAGES ############### 
+++++++++++++++++++++++++++++++++++++++++++++++++++++++++++++++++++++++++++++++++
ID       Rule            Alias    Severity    File    Line    Wt    Message
======================================================================================
[1]      Av_license01             FATAL       N.A.    0       2     'Functional Lint' not run due to unavailability of lint_func license feature
+++++++++++++++++++++++++++++++++++++++++++++++++++++++++++++++++++++++++++++++++++++++


############### BuiltIn -> RuleGroup=Command-line read ###############
+++++++++++++++++++++++++++++++++++++++++++++++++++++++++++++++++++++++++++++++++++++++
ID       Rule                     Alias          Severity    File    Line    Wt    Message
======================================================================================
[0]      checkCMD_unset_option    UnsetOption    Warning     N.A.    0       10    Option/Parameter 'enable_save_restore': Feature 'save-restore' is not supported with option 'policy=auto-verify'.Disabling all 'save-restore' related options
+++++++++++++++++++++++++++++++++++++++++++++++++++++++++++++++++++++++++++++++++++++++

################################################################################
#
# This file has been generated by SpyGlass:
#     Report Name      : moresimple
#     Report Created by: trliu20
#     Report Created on:  Wed May  4 01:56:22 2022
#     Working Directory: /users/student/mr109/trliu20/VLSI/midterm
#     SpyGlass Version : SpyGlass_vR-2020.12
#     Policy Name      : SpyGlass(SpyGlass_vR-2020.12)
#                        lint(SpyGlass_vR-2020.12)
#
#     Total Number of Generated Messages :         15
#     Number of Waived Messages          :          0
#     Number of Reported Messages        :         15
#     Number of Overlimit Messages       :          0
#
#
################################################################################

+++++++++++++++++++++++++++++++++++++++++++++++++++++++++++++++++++++++
MORESIMPLE REPORT:


############### BuiltIn -> RuleGroup=Blackbox Resolution ###############
+++++++++++++++++++++++++++++++++++++++++++++++++++++++++++++++++++++++++++++++++++++++
ID       Rule                Alias               Severity    File                                Line    Wt    Message
======================================================================================
[E]      ErrorAnalyzeBBox    ErrorAnalyzeBBox    Error       hardware/SRAM_weight_16384x32b.v    169     10    Design Unit 'BRAM_2048x8' has no definition; black-box behavior assumed and module interface inferred
+++++++++++++++++++++++++++++++++++++++++++++++++++++++++++++++++++++++++++++++++++++++


############### BuiltIn -> RuleGroup=Design Read ###############
+++++++++++++++++++++++++++++++++++++++++++++++++++++++++++++++++++++++++++++++++++++++
ID       Rule                    Alias                   Severity    File                                                                          Line    Wt      Message
======================================================================================
[C]      DetectTopDesignUnits    DetectTopDesignUnits    Info        hardware/lenet_rtl_basic_dma64.v                                              35      2       Module lenet_rtl_basic_dma64 is a top level design unit
[1]      WRN_38                  WRN_38                  Warning     hardware/lenet_rtl_basic_dma64.v                                              56      1000    Output connection ( dma_read_ctrl_valid ) in instantiation should not be reg type as simulators do not support this. The IEEE 1364-1995/2001/2005 Verilog standards do not support it either
[2]      WRN_38                  WRN_38                  Warning     hardware/lenet_rtl_basic_dma64.v                                              57      1000    Output connection ( dma_read_ctrl_data_index ) in instantiation should not be reg type as simulators do not support this. The IEEE 1364-1995/2001/2005 Verilog standards do not support it either
[3]      WRN_38                  WRN_38                  Warning     hardware/lenet_rtl_basic_dma64.v                                              58      1000    Output connection ( dma_read_ctrl_data_length ) in instantiation should not be reg type as simulators do not support this. The IEEE 1364-1995/2001/2005 Verilog standards do not support it either
[4]      WRN_38                  WRN_38                  Warning     hardware/lenet_rtl_basic_dma64.v                                              59      1000    Output connection ( dma_read_ctrl_data_size ) in instantiation should not be reg type as simulators do not support this. The IEEE 1364-1995/2001/2005 Verilog standards do not support it either
[5]      WRN_38                  WRN_38                  Warning     hardware/lenet_rtl_basic_dma64.v                                              61      1000    Output connection ( dma_read_chnl_ready ) in instantiation should not be reg type as simulators do not support this. The IEEE 1364-1995/2001/2005 Verilog standards do not support it either
[6]      WRN_38                  WRN_38                  Warning     hardware/lenet_rtl_basic_dma64.v                                              66      1000    Output connection ( dma_write_ctrl_valid ) in instantiation should not be reg type as simulators do not support this. The IEEE 1364-1995/2001/2005 Verilog standards do not support it either
[7]      WRN_38                  WRN_38                  Warning     hardware/lenet_rtl_basic_dma64.v                                              67      1000    Output connection ( dma_write_ctrl_data_index ) in instantiation should not be reg type as simulators do not support this. The IEEE 1364-1995/2001/2005 Verilog standards do not support it either
[8]      WRN_38                  WRN_38                  Warning     hardware/lenet_rtl_basic_dma64.v                                              68      1000    Output connection ( dma_write_ctrl_data_length ) in instantiation should not be reg type as simulators do not support this. The IEEE 1364-1995/2001/2005 Verilog standards do not support it either
[9]      WRN_38                  WRN_38                  Warning     hardware/lenet_rtl_basic_dma64.v                                              69      1000    Output connection ( dma_write_ctrl_data_size ) in instantiation should not be reg type as simulators do not support this. The IEEE 1364-1995/2001/2005 Verilog standards do not support it either
[A]      WRN_38                  WRN_38                  Warning     hardware/lenet_rtl_basic_dma64.v                                              72      1000    Output connection ( dma_write_chnl_valid ) in instantiation should not be reg type as simulators do not support this. The IEEE 1364-1995/2001/2005 Verilog standards do not support it either
[B]      WRN_38                  WRN_38                  Warning     hardware/lenet_rtl_basic_dma64.v                                              73      1000    Output connection ( dma_write_chnl_data ) in instantiation should not be reg type as simulators do not support this. The IEEE 1364-1995/2001/2005 Verilog standards do not support it either
[0]      ElabSummary             ElabSummary             Info        ./spyglass-1/lint/lint_abstract/spyglass_reports/SpyGlass/elab_summary.rpt    0       2       Please refer file './spyglass-1/lint/lint_abstract/spyglass_reports/SpyGlass/elab_summary.rpt' for elab summary report
+++++++++++++++++++++++++++++++++++++++++++++++++++++++++++++++++++++++++++++++++++++++


############### Non-BuiltIn -> Goal=lint/lint_abstract ###############
+++++++++++++++++++++++++++++++++++++++++++++++++++++++++++++++++++++++++++++++++++++++
ID       Rule               Alias    Severity    File                                                                                                       Line    Wt    Message
======================================================================================
[D]      LINT_abstract01             Info        ./spyglass-1/lint/lint_abstract/spyglass_reports/abstract_view/lenet_rtl_basic_dma64_lint_abstract.sgdc    0       2     Abstract view for design 'lenet_rtl_basic_dma64' succesfully created
+++++++++++++++++++++++++++++++++++++++++++++++++++++++++++++++++++++++++++++++++++++++

################################################################################
#
# This file has been generated by SpyGlass:
#     Report Name      : moresimple
#     Report Created by: trliu20
#     Report Created on:  Wed May  4 01:56:27 2022
#     Working Directory: /users/student/mr109/trliu20/VLSI/midterm
#     SpyGlass Version : SpyGlass_vR-2020.12
#     Policy Name      : SpyGlass(SpyGlass_vR-2020.12)
#                        auto-verify(SpyGlass_vR-2020.12)
#
#     Total Number of Generated Messages :          2
#     Number of Waived Messages          :          0
#     Number of Reported Messages        :          2
#     Number of Overlimit Messages       :          0
#
#
################################################################################

+++++++++++++++++++++++++++++++++++++++++++++++++++++++++++++++++++++++
MORESIMPLE REPORT:
############### FATAL MESSAGES ############### 
+++++++++++++++++++++++++++++++++++++++++++++++++++++++++++++++++++++++++++++++++
ID       Rule            Alias    Severity    File    Line    Wt    Message
======================================================================================
[1]      Av_license01             FATAL       N.A.    0       2     'Advanced Lint Policy' not run due to unavailability of Auto_Verify license feature
+++++++++++++++++++++++++++++++++++++++++++++++++++++++++++++++++++++++++++++++++++++++


############### BuiltIn -> RuleGroup=Command-line read ###############
+++++++++++++++++++++++++++++++++++++++++++++++++++++++++++++++++++++++++++++++++++++++
ID       Rule                     Alias          Severity    File    Line    Wt    Message
======================================================================================
[0]      checkCMD_unset_option    UnsetOption    Warning     N.A.    0       10    Option/Parameter 'enable_save_restore': Feature 'save-restore' is not supported with option 'policy=auto-verify'.Disabling all 'save-restore' related options
+++++++++++++++++++++++++++++++++++++++++++++++++++++++++++++++++++++++++++++++++++++++

################################################################################
#
# This file has been generated by SpyGlass:
#     Report Name      : moresimple
#     Report Created by: trliu20
#     Report Created on:  Wed May  4 01:56:31 2022
#     Working Directory: /users/student/mr109/trliu20/VLSI/midterm
#     SpyGlass Version : SpyGlass_vR-2020.12
#     Policy Name      : SpyGlass(SpyGlass_vR-2020.12)
#                        auto-verify(SpyGlass_vR-2020.12)
#
#     Total Number of Generated Messages :          2
#     Number of Waived Messages          :          0
#     Number of Reported Messages        :          2
#     Number of Overlimit Messages       :          0
#
#
################################################################################

+++++++++++++++++++++++++++++++++++++++++++++++++++++++++++++++++++++++
MORESIMPLE REPORT:
############### FATAL MESSAGES ############### 
+++++++++++++++++++++++++++++++++++++++++++++++++++++++++++++++++++++++++++++++++
ID       Rule            Alias    Severity    File    Line    Wt    Message
======================================================================================
[1]      Av_license01             FATAL       N.A.    0       2     'Advanced Lint Policy' not run due to unavailability of Auto_Verify license feature
+++++++++++++++++++++++++++++++++++++++++++++++++++++++++++++++++++++++++++++++++++++++


############### BuiltIn -> RuleGroup=Command-line read ###############
+++++++++++++++++++++++++++++++++++++++++++++++++++++++++++++++++++++++++++++++++++++++
ID       Rule                     Alias          Severity    File    Line    Wt    Message
======================================================================================
[0]      checkCMD_unset_option    UnsetOption    Warning     N.A.    0       10    Option/Parameter 'enable_save_restore': Feature 'save-restore' is not supported with option 'policy=auto-verify'.Disabling all 'save-restore' related options
+++++++++++++++++++++++++++++++++++++++++++++++++++++++++++++++++++++++++++++++++++++++
